case=top2__396146
video=data/жҷәж…§иҜҫе ӮеӯҰз”ҹиЎҢдёәж•°жҚ®йӣҶ/ж–ңдёҠж–№и§Ҷи§’2/396146.mp4
out_dir=F:\PythonProject\pythonProject\YOLOv11\output\жҷәж…§иҜҫе ӮеӯҰз”ҹиЎҢдёәж•°жҚ®йӣҶ\random6_20260420\top2\top2__396146
cmd=F:\miniconda\envs\pytorch_env\python.exe F:\PythonProject\pythonProject\YOLOv11\scripts\09_run_pipeline.py --video F:\PythonProject\pythonProject\YOLOv11\data\жҷәж…§иҜҫе ӮеӯҰз”ҹиЎҢдёәж•°жҚ®йӣҶ\ж–ңдёҠж–№и§Ҷи§’2\396146.mp4 --output_root F:\PythonProject\pythonProject\YOLOv11\output\жҷәж…§иҜҫе ӮеӯҰз”ҹиЎҢдёәж•°жҚ®йӣҶ\random6_20260420 --view top2 --view_code top2 --case_id top2__396146 --video_id top2__396146 --py F:\miniconda\envs\pytorch_env\python.exe --pose_model F:\PythonProject\pythonProject\YOLOv11\yolo11s-pose.pt --action_mode rules --asr_backend whisper

[CHECK] video exists? True F:\PythonProject\pythonProject\YOLOv11\data\жҷәж…§иҜҫе ӮеӯҰз”ҹиЎҢдёәж•°жҚ®йӣҶ\ж–ңдёҠж–№и§Ҷи§’2\396146.mp4
[CHECK] model ref: F:\PythonProject\pythonProject\YOLOv11\yolo11s-pose.pt
[INFO] exported 300 frames
[DONE] JSONL: F:\PythonProject\pythonProject\YOLOv11\output\жҷәж…§иҜҫе ӮеӯҰз”ҹиЎҢдёәж•°жҚ®йӣҶ\random6_20260420\top2\top2__396146\pose_keypoints_v2.jsonl
[INFO] Tracking started using strict logic...
       max_lost_frames=500 (Memory ~20s)
       track_min_frames=75 (Filter <3s noise)
       tmp_path=F:\PythonProject\pythonProject\YOLOv11\output\ЦЗ»ЫҝОМГС§ЙъРРОӘКэҫЭјҜ\random6_20260420\top2\top2__396146\pose_tracks_smooth.jsonl.tmp.jsonl
[DONE] pose_tracks_smooth.jsonl: F:\PythonProject\pythonProject\YOLOv11\output\ЦЗ»ЫҝОМГС§ЙъРРОӘКэҫЭјҜ\random6_20260420\top2\top2__396146\pose_tracks_smooth.jsonl
[INFO] Final valid IDs count: 13 (Filtered out 0 short tracks)
[DONE] pose UQ exported: F:\PythonProject\pythonProject\YOLOv11\output\ЦЗ»ЫҝОМГС§ЙъРРОӘКэҫЭјҜ\random6_20260420\top2\top2__396146\pose_tracks_smooth_uq.jsonl
[INFO] rows written: 322
[DONE] actions: F:\PythonProject\pythonProject\YOLOv11\output\ЦЗ»ЫҝОМГС§ЙъРРОӘКэҫЭјҜ\random6_20260420\top2\top2__396146\actions.jsonl (18)
[DONE] embeddings: F:\PythonProject\pythonProject\YOLOv11\output\ЦЗ»ЫҝОМГС§ЙъРРОӘКэҫЭјҜ\random6_20260420\top2\top2__396146\embeddings.pkl
[INFO] mode: rules
F:\miniconda\envs\pytorch_env\lib\site-packages\requests\__init__.py:86: RequestsDependencyWarning: Unable to find acceptable character detection dependency (chardet or charset_normalizer).
  warnings.warn(
[DONE] transcript: F:\PythonProject\pythonProject\YOLOv11\output\ЦЗ»ЫҝОМГС§ЙъРРОӘКэҫЭјҜ\random6_20260420\top2\top2__396146\transcript.jsonl
[INFO] segments: 3
[DONE] event queries exported: F:\PythonProject\pythonProject\YOLOv11\output\ЦЗ»ЫҝОМГС§ЙъРРОӘКэҫЭјҜ\random6_20260420\top2\top2__396146\event_queries.jsonl
[INFO] total event queries: 3
[DONE] aligned multimodal events: F:\PythonProject\pythonProject\YOLOv11\output\ЦЗ»ЫҝОМГС§ЙъРРОӘКэҫЭјҜ\random6_20260420\top2\top2__396146\align_multimodal.json
[INFO] events: 3
[DONE] compat per_person: F:\PythonProject\pythonProject\YOLOv11\output\ЦЗ»ЫҝОМГС§ЙъРРОӘКэҫЭјҜ\random6_20260420\top2\top2__396146\per_person_sequences.json
[DONE] verified events: F:\PythonProject\pythonProject\YOLOv11\output\ЦЗ»ЫҝОМГС§ЙъРРОӘКэҫЭјҜ\random6_20260420\top2\top2__396146\verified_events.jsonl
[INFO] rows: 3
[DONE] eval report: F:\PythonProject\pythonProject\YOLOv11\output\ЦЗ»ЫҝОМГС§ЙъРРОӘКэҫЭјҜ\random6_20260420\top2\top2__396146\verifier_eval_report.json
[INFO] total=3 f1=0.6667 e_prob=0.0000
[DONE] calibration report: F:\PythonProject\pythonProject\YOLOv11\output\ЦЗ»ЫҝОМГС§ЙъРРОӘКэҫЭјҜ\random6_20260420\top2\top2__396146\verifier_calibration_report.json
[DONE] reliability diagram: F:\PythonProject\pythonProject\YOLOv11\output\ЦЗ»ЫҝОМГС§ЙъРРОӘКэҫЭјҜ\random6_20260420\top2\top2__396146\verifier_reliability_diagram.svg
[INFO] total=3 ece_before=0.4542 ece_after=0.4145 brier_before=0.2103 brier_after=0.1856 T=0.500
[DONE] verified timeline png: F:\PythonProject\pythonProject\YOLOv11\output\ЦЗ»ЫҝОМГС§ЙъРРОӘКэҫЭјҜ\random6_20260420\top2\top2__396146\timeline_chart.png
[DONE] verified timeline json: F:\PythonProject\pythonProject\YOLOv11\output\ЦЗ»ЫҝОМГС§ЙъРРОӘКэҫЭјҜ\random6_20260420\top2\top2__396146\timeline_chart.json
[DO] step002 pose keypoints

================================================================================
[RUN] 02_export_keypoints_jsonl.py --video F:\PythonProject\pythonProject\YOLOv11\data\ЦЗ»ЫҝОМГС§ЙъРРОӘКэҫЭјҜ\РұЙП·ҪКУҪЗ2\396146.mp4 --out F:\PythonProject\pythonProject\YOLOv11\output\ЦЗ»ЫҝОМГС§ЙъРРОӘКэҫЭјҜ\random6_20260420\top2\top2__396146\pose_keypoints_v2.jsonl --model F:\PythonProject\pythonProject\YOLOv11\yolo11s-pose.pt --interpolate_occluded 0 --occlusion_conf_thres 0.2
================================================================================
[DO] step004 track and smooth

================================================================================
[RUN] 03_track_and_smooth.py --in F:\PythonProject\pythonProject\YOLOv11\output\ЦЗ»ЫҝОМГС§ЙъРРОӘКэҫЭјҜ\random6_20260420\top2\top2__396146\pose_keypoints_v2.jsonl --video F:\PythonProject\pythonProject\YOLOv11\data\ЦЗ»ЫҝОМГС§ЙъРРОӘКэҫЭјҜ\РұЙП·ҪКУҪЗ2\396146.mp4 --out F:\PythonProject\pythonProject\YOLOv11\output\ЦЗ»ЫҝОМГС§ЙъРРОӘКэҫЭјҜ\random6_20260420\top2\top2__396146\pose_tracks_smooth.jsonl
================================================================================
[DO] step035 estimate uncertainty

================================================================================
[RUN] 03c_estimate_track_uncertainty.py --in F:\PythonProject\pythonProject\YOLOv11\output\ЦЗ»ЫҝОМГС§ЙъРРОӘКэҫЭјҜ\random6_20260420\top2\top2__396146\pose_tracks_smooth.jsonl --out F:\PythonProject\pythonProject\YOLOv11\output\ЦЗ»ЫҝОМГС§ЙъРРОӘКэҫЭјҜ\random6_20260420\top2\top2__396146\pose_tracks_smooth_uq.jsonl --validate 1
================================================================================
[DO] step005 action recognition

================================================================================
[RUN] 05_slowfast_actions.py --video F:\PythonProject\pythonProject\YOLOv11\data\ЦЗ»ЫҝОМГС§ЙъРРОӘКэҫЭјҜ\РұЙП·ҪКУҪЗ2\396146.mp4 --pose F:\PythonProject\pythonProject\YOLOv11\output\ЦЗ»ЫҝОМГС§ЙъРРОӘКэҫЭјҜ\random6_20260420\top2\top2__396146\pose_tracks_smooth.jsonl --out F:\PythonProject\pythonProject\YOLOv11\output\ЦЗ»ЫҝОМГС§ЙъРРОӘКэҫЭјҜ\random6_20260420\top2\top2__396146\actions.jsonl --model_mode rules
================================================================================
[DO] step006 asr transcript

================================================================================
[RUN] 06_asr_whisper_to_jsonl.py --video F:\PythonProject\pythonProject\YOLOv11\data\ЦЗ»ЫҝОМГС§ЙъРРОӘКэҫЭјҜ\РұЙП·ҪКУҪЗ2\396146.mp4 --out_dir F:\PythonProject\pythonProject\YOLOv11\output\ЦЗ»ЫҝОМГС§ЙъРРОӘКэҫЭјҜ\random6_20260420\top2\top2__396146 --lang zh
================================================================================
[DO] step065 extract event queries

================================================================================
[RUN] 06b_event_query_extraction.py --transcript F:\PythonProject\pythonProject\YOLOv11\output\ЦЗ»ЫҝОМГС§ЙъРРОӘКэҫЭјҜ\random6_20260420\top2\top2__396146\transcript.jsonl --out F:\PythonProject\pythonProject\YOLOv11\output\ЦЗ»ЫҝОМГС§ЙъРРОӘКэҫЭјҜ\random6_20260420\top2\top2__396146\event_queries.jsonl --validate 1
================================================================================
[DO] step066 adaptive multimodal align

================================================================================
[RUN] xx_align_multimodal.py --event_queries F:\PythonProject\pythonProject\YOLOv11\output\ЦЗ»ЫҝОМГС§ЙъРРОӘКэҫЭјҜ\random6_20260420\top2\top2__396146\event_queries.jsonl --actions F:\PythonProject\pythonProject\YOLOv11\output\ЦЗ»ЫҝОМГС§ЙъРРОӘКэҫЭјҜ\random6_20260420\top2\top2__396146\actions.jsonl --pose_uq F:\PythonProject\pythonProject\YOLOv11\output\ЦЗ»ЫҝОМГС§ЙъРРОӘКэҫЭјҜ\random6_20260420\top2\top2__396146\pose_tracks_smooth_uq.jsonl --out F:\PythonProject\pythonProject\YOLOv11\output\ЦЗ»ЫҝОМГС§ЙъРРОӘКэҫЭјҜ\random6_20260420\top2\top2__396146\align_multimodal.json
================================================================================
[DO] step070 dual verification

================================================================================
[RUN] 07_dual_verification.py --actions F:\PythonProject\pythonProject\YOLOv11\output\ЦЗ»ЫҝОМГС§ЙъРРОӘКэҫЭјҜ\random6_20260420\top2\top2__396146\actions.jsonl --event_queries F:\PythonProject\pythonProject\YOLOv11\output\ЦЗ»ЫҝОМГС§ЙъРРОӘКэҫЭјҜ\random6_20260420\top2\top2__396146\event_queries.jsonl --pose_uq F:\PythonProject\pythonProject\YOLOv11\output\ЦЗ»ЫҝОМГС§ЙъРРОӘКэҫЭјҜ\random6_20260420\top2\top2__396146\pose_tracks_smooth_uq.jsonl --aligned F:\PythonProject\pythonProject\YOLOv11\output\ЦЗ»ЫҝОМГС§ЙъРРОӘКэҫЭјҜ\random6_20260420\top2\top2__396146\align_multimodal.json --out F:\PythonProject\pythonProject\YOLOv11\output\ЦЗ»ЫҝОМГС§ЙъРРОӘКэҫЭјҜ\random6_20260420\top2\top2__396146\verified_events.jsonl --verifier_model  --per_person_out F:\PythonProject\pythonProject\YOLOv11\output\ЦЗ»ЫҝОМГС§ЙъРРОӘКэҫЭјҜ\random6_20260420\top2\top2__396146\per_person_sequences.json --validate 1
================================================================================
[DO] step071 verifier evaluation report

================================================================================
[RUN] eval.py --verified F:\PythonProject\pythonProject\YOLOv11\output\ЦЗ»ЫҝОМГС§ЙъРРОӘКэҫЭјҜ\random6_20260420\top2\top2__396146\verified_events.jsonl --out F:\PythonProject\pythonProject\YOLOv11\output\ЦЗ»ЫҝОМГС§ЙъРРОӘКэҫЭјҜ\random6_20260420\top2\top2__396146\verifier_eval_report.json --split val --target_field auto
================================================================================
[DO] step072 verifier calibration report

================================================================================
[RUN] calibration.py --verified F:\PythonProject\pythonProject\YOLOv11\output\ЦЗ»ЫҝОМГС§ЙъРРОӘКэҫЭјҜ\random6_20260420\top2\top2__396146\verified_events.jsonl --out F:\PythonProject\pythonProject\YOLOv11\output\ЦЗ»ЫҝОМГС§ЙъРРОӘКэҫЭјҜ\random6_20260420\top2\top2__396146\verifier_calibration_report.json --split val --target_field auto --prob_field p_match --num_bins 10 --disable_temperature_scaling 0 --diagram_out F:\PythonProject\pythonProject\YOLOv11\output\ЦЗ»ЫҝОМГС§ЙъРРОӘКэҫЭјҜ\random6_20260420\top2\top2__396146\verifier_reliability_diagram.svg
================================================================================
[DO] step010 timeline visualization

================================================================================
[RUN] 10_visualize_timeline.py --src F:\PythonProject\pythonProject\YOLOv11\output\ЦЗ»ЫҝОМГС§ЙъРРОӘКэҫЭјҜ\random6_20260420\top2\top2__396146\per_person_sequences.json --verified_src F:\PythonProject\pythonProject\YOLOv11\output\ЦЗ»ЫҝОМГС§ЙъРРОӘКэҫЭјҜ\random6_20260420\top2\top2__396146\verified_events.jsonl --out F:\PythonProject\pythonProject\YOLOv11\output\ЦЗ»ЫҝОМГС§ЙъРРОӘКэҫЭјҜ\random6_20260420\top2\top2__396146\timeline_chart.png --gap_tol 1.5 --min_dur 0.1 --fps 25.0
================================================================================

[DONE] formal pipeline completed
Output dir             : F:\PythonProject\pythonProject\YOLOv11\output\ЦЗ»ЫҝОМГС§ЙъРРОӘКэҫЭјҜ\random6_20260420\top2\top2__396146
Pose tracks UQ         : F:\PythonProject\pythonProject\YOLOv11\output\ЦЗ»ЫҝОМГС§ЙъРРОӘКэҫЭјҜ\random6_20260420\top2\top2__396146\pose_tracks_smooth_uq.jsonl
Event queries          : F:\PythonProject\pythonProject\YOLOv11\output\ЦЗ»ЫҝОМГС§ЙъРРОӘКэҫЭјҜ\random6_20260420\top2\top2__396146\event_queries.jsonl
Verified events        : F:\PythonProject\pythonProject\YOLOv11\output\ЦЗ»ЫҝОМГС§ЙъРРОӘКэҫЭјҜ\random6_20260420\top2\top2__396146\verified_events.jsonl
Verifier eval report   : F:\PythonProject\pythonProject\YOLOv11\output\ЦЗ»ЫҝОМГС§ЙъРРОӘКэҫЭјҜ\random6_20260420\top2\top2__396146\verifier_eval_report.json
Verifier calibration   : F:\PythonProject\pythonProject\YOLOv11\output\ЦЗ»ЫҝОМГС§ЙъРРОӘКэҫЭјҜ\random6_20260420\top2\top2__396146\verifier_calibration_report.json
Reliability diagram    : F:\PythonProject\pythonProject\YOLOv11\output\ЦЗ»ЫҝОМГС§ЙъРРОӘКэҫЭјҜ\random6_20260420\top2\top2__396146\verifier_reliability_diagram.svg
Verifier model         : not_used
Timeline chart         : F:\PythonProject\pythonProject\YOLOv11\output\ЦЗ»ЫҝОМГС§ЙъРРОӘКэҫЭјҜ\random6_20260420\top2\top2__396146\timeline_chart.png
