ERROR Error reading from C:\Users\Lenovo\AppData\Roaming\Ultralytics\settings.json: [WinError 5] : 'C:\\Users\\Lenovo\\AppData\\Roaming\\Ultralytics\\settings.json'
Traceback (most recent call last):
  File "F:\PythonProject\pythonProject\YOLOv11\scripts\02_export_keypoints_jsonl.py", line 5, in <module>
    from ultralytics import YOLO
  File "F:\PythonProject\pythonProject\YOLOv11\scripts\ultralytics\__init__.py", line 13, in <module>
    from ultralytics.utils import ASSETS, SETTINGS
  File "F:\PythonProject\pythonProject\YOLOv11\scripts\ultralytics\utils\__init__.py", line 1427, in <module>
    SETTINGS = SettingsManager()  # initialize settings
  File "F:\PythonProject\pythonProject\YOLOv11\scripts\ultralytics\utils\__init__.py", line 1344, in __init__
    if not self.file.exists() or not self:  # Check if file doesn't exist or is empty
  File "F:\miniconda\envs\pytorch_env\lib\pathlib.py", line 1290, in exists
    self.stat()
  File "F:\miniconda\envs\pytorch_env\lib\pathlib.py", line 1097, in stat
    return self._accessor.stat(self, follow_symlinks=follow_symlinks)
PermissionError: [WinError 5] ОмОјЗУЮЪЁЃ: 'C:\\Users\\Lenovo\\AppData\\Roaming\\Ultralytics\\settings.json'
[DO] step002 pose keypoints

================================================================================
[RUN] 02_export_keypoints_jsonl.py --video F:\PythonProject\pythonProject\YOLOv11\data\жЧЛлПЮЬУбЇЩњааЮЊЪ§ОнМЏ\НЬЪІЪгНЧ\0642.mp4 --out F:\PythonProject\pythonProject\YOLOv11\output\жЧЛлПЮЬУбЇЩњааЮЊЪ§ОнМЏ\random6_20260420_mainline_v2\teacher\teacher__0642\pose_keypoints_v2.jsonl --model F:\PythonProject\pythonProject\YOLOv11\yolo11x-pose.pt --interpolate_occluded 0 --occlusion_conf_thres 0.2
================================================================================
Traceback (most recent call last):
  File "F:\PythonProject\pythonProject\YOLOv11\scripts\09_run_pipeline.py", line 972, in <module>
    main()
  File "F:\PythonProject\pythonProject\YOLOv11\scripts\09_run_pipeline.py", line 310, in main
    maybe_run(
  File "F:\PythonProject\pythonProject\YOLOv11\scripts\09_run_pipeline.py", line 59, in maybe_run
    run_fn()
  File "F:\PythonProject\pythonProject\YOLOv11\scripts\09_run_pipeline.py", line 317, in <lambda>
    lambda: run_step(
  File "F:\PythonProject\pythonProject\YOLOv11\scripts\09_run_pipeline.py", line 27, in run_step
    raise RuntimeError(f"Step failed: {script.name} (exit={r.returncode})")
RuntimeError: Step failed: 02_export_keypoints_jsonl.py (exit=1)
