[CHECK] video exists? True F:\PythonProject\pythonProject\YOLOv11\data\鏅烘収璇惧爞瀛︾敓琛屼负鏁版嵁闆哱鏁欏笀瑙嗚\0247.mp4
[CHECK] model ref: F:\PythonProject\pythonProject\YOLOv11\yolo11x-pose.pt
[INFO] exported 300 frames
[DONE] JSONL: F:\PythonProject\pythonProject\YOLOv11\output\鏅烘収璇惧爞瀛︾敓琛屼负鏁版嵁闆哱random6_20260420_mainline_v3\teacher\teacher__0247\pose_keypoints_v2.jsonl
[INFO] Tracking started using strict logic...
       max_lost_frames=500 (Memory ~20s)
       track_min_frames=75 (configured=75, ratio=0.6)
       tmp_path=F:\PythonProject\pythonProject\YOLOv11\output\智慧课堂学生行为数据集\random6_20260420_mainline_v3\teacher\teacher__0247\pose_tracks_smooth.jsonl.tmp.jsonl
[DONE] pose_tracks_smooth.jsonl: F:\PythonProject\pythonProject\YOLOv11\output\智慧课堂学生行为数据集\random6_20260420_mainline_v3\teacher\teacher__0247\pose_tracks_smooth.jsonl
[INFO] Final valid IDs count: 12 (Filtered out 0 short tracks)
[DONE] pose UQ exported: F:\PythonProject\pythonProject\YOLOv11\output\智慧课堂学生行为数据集\random6_20260420_mainline_v3\teacher\teacher__0247\pose_tracks_smooth_uq.jsonl
[INFO] rows written: 332
[INFO] video   = F:\PythonProject\pythonProject\YOLOv11\data\鏅烘収璇惧爞瀛︾敓琛屼负鏁版嵁闆哱鏁欏笀瑙嗚\0247.mp4
[INFO] out     = F:\PythonProject\pythonProject\YOLOv11\output\鏅烘収璇惧爞瀛︾敓琛屼负鏁版嵁闆哱random6_20260420_mainline_v3\teacher\teacher__0247\objects.jsonl
[INFO] model   = F:\PythonProject\pythonProject\YOLOv11\yolo11x.pt
[INFO] conf/iou = 0.1/0.5, imgsz=1280, stride=1
[INFO] classes = [67, 73, 63] -> ['cell phone', 'book', 'laptop']
[DONE] objects jsonl saved: F:\PythonProject\pythonProject\YOLOv11\output\鏅烘収璇惧爞瀛︾敓琛屼负鏁版嵁闆哱random6_20260420_mainline_v3\teacher\teacher__0247\objects.jsonl (lines=326)
[DONE] actions: F:\PythonProject\pythonProject\YOLOv11\output\智慧课堂学生行为数据集\random6_20260420_mainline_v3\teacher\teacher__0247\actions.raw.jsonl (18)
[DONE] embeddings: F:\PythonProject\pythonProject\YOLOv11\output\智慧课堂学生行为数据集\random6_20260420_mainline_v3\teacher\teacher__0247\embeddings.pkl
[INFO] mode: rules
[INFO] actions=18, objects=326
[INFO] fusion alpha=0.750, beta=0.250, window=0.80s
[DONE] wrote fused actions: F:\PythonProject\pythonProject\YOLOv11\output\智慧课堂学生行为数据集\random6_20260420_mainline_v3\teacher\teacher__0247\actions.jsonl (changed=0)
F:\miniconda\envs\pytorch_env\lib\site-packages\requests\__init__.py:86: RequestsDependencyWarning: Unable to find acceptable character detection dependency (chardet or charset_normalizer).
  warnings.warn(
[DONE] transcript: F:\PythonProject\pythonProject\YOLOv11\output\智慧课堂学生行为数据集\random6_20260420_mainline_v3\teacher\teacher__0247\transcript.jsonl
[INFO] segments: 2
[INFO] whisper config: model=small device=cuda compute_type=int8_float16 beam_size=5 vad_filter=0
[INFO] added_dll_paths=2
[DONE] event queries exported: F:\PythonProject\pythonProject\YOLOv11\output\智慧课堂学生行为数据集\random6_20260420_mainline_v3\teacher\teacher__0247\event_queries.jsonl
[INFO] total event queries: 2
[DONE] aligned multimodal events: F:\PythonProject\pythonProject\YOLOv11\output\智慧课堂学生行为数据集\random6_20260420_mainline_v3\teacher\teacher__0247\align_multimodal.json
[INFO] events: 2
[DONE] compat per_person: F:\PythonProject\pythonProject\YOLOv11\output\智慧课堂学生行为数据集\random6_20260420_mainline_v3\teacher\teacher__0247\per_person_sequences.json
[DONE] verified events: F:\PythonProject\pythonProject\YOLOv11\output\智慧课堂学生行为数据集\random6_20260420_mainline_v3\teacher\teacher__0247\verified_events.jsonl
[INFO] rows: 2
[DONE] eval report: F:\PythonProject\pythonProject\YOLOv11\output\智慧课堂学生行为数据集\random6_20260420_mainline_v3\teacher\teacher__0247\verifier_eval_report.json
[INFO] total=2 f1=0.3333 e_prob=0.0000
[DONE] calibration report: F:\PythonProject\pythonProject\YOLOv11\output\智慧课堂学生行为数据集\random6_20260420_mainline_v3\teacher\teacher__0247\verifier_calibration_report.json
[DONE] reliability diagram: F:\PythonProject\pythonProject\YOLOv11\output\智慧课堂学生行为数据集\random6_20260420_mainline_v3\teacher\teacher__0247\verifier_reliability_diagram.svg
[INFO] total=2 ece_before=0.5015 ece_after=0.5005 brier_before=0.2517 brier_after=0.2505 T=3.000
[DONE] verified timeline png: F:\PythonProject\pythonProject\YOLOv11\output\智慧课堂学生行为数据集\random6_20260420_mainline_v3\teacher\teacher__0247\timeline_chart.png
[DONE] verified timeline json: F:\PythonProject\pythonProject\YOLOv11\output\智慧课堂学生行为数据集\random6_20260420_mainline_v3\teacher\teacher__0247\timeline_chart.json
[INFO] YOLO_CONFIG_DIR=F:\PythonProject\pythonProject\YOLOv11\.ultralytics
[FORCE] step002 pose keypoints

================================================================================
[RUN] 02_export_keypoints_jsonl.py --video F:\PythonProject\pythonProject\YOLOv11\data\智慧课堂学生行为数据集\教师视角\0247.mp4 --out F:\PythonProject\pythonProject\YOLOv11\output\智慧课堂学生行为数据集\random6_20260420_mainline_v3\teacher\teacher__0247\pose_keypoints_v2.jsonl --model F:\PythonProject\pythonProject\YOLOv11\yolo11x-pose.pt --interpolate_occluded 0 --occlusion_conf_thres 0.2
================================================================================
[FORCE] step004 track and smooth

================================================================================
[RUN] 03_track_and_smooth.py --in F:\PythonProject\pythonProject\YOLOv11\output\智慧课堂学生行为数据集\random6_20260420_mainline_v3\teacher\teacher__0247\pose_keypoints_v2.jsonl --video F:\PythonProject\pythonProject\YOLOv11\data\智慧课堂学生行为数据集\教师视角\0247.mp4 --out F:\PythonProject\pythonProject\YOLOv11\output\智慧课堂学生行为数据集\random6_20260420_mainline_v3\teacher\teacher__0247\pose_tracks_smooth.jsonl --track_min_frames 75 --track_min_frames_ratio 0.6 --track_min_frames_min 10
================================================================================
[FORCE] step035 estimate uncertainty

================================================================================
[RUN] 03c_estimate_track_uncertainty.py --in F:\PythonProject\pythonProject\YOLOv11\output\智慧课堂学生行为数据集\random6_20260420_mainline_v3\teacher\teacher__0247\pose_tracks_smooth.jsonl --out F:\PythonProject\pythonProject\YOLOv11\output\智慧课堂学生行为数据集\random6_20260420_mainline_v3\teacher\teacher__0247\pose_tracks_smooth_uq.jsonl --validate 1
================================================================================
[FORCE] step045 object detection evidence

================================================================================
[RUN] 02b_export_objects_jsonl.py --video F:\PythonProject\pythonProject\YOLOv11\data\智慧课堂学生行为数据集\教师视角\0247.mp4 --out F:\PythonProject\pythonProject\YOLOv11\output\智慧课堂学生行为数据集\random6_20260420_mainline_v3\teacher\teacher__0247\objects.jsonl --model F:\PythonProject\pythonProject\YOLOv11\yolo11x.pt --conf 0.1 --iou 0.5 --imgsz 1280 --stride 1 --classes 67,73,63
================================================================================
[FORCE] step005 action recognition

================================================================================
[RUN] 05_slowfast_actions.py --video F:\PythonProject\pythonProject\YOLOv11\data\智慧课堂学生行为数据集\教师视角\0247.mp4 --pose F:\PythonProject\pythonProject\YOLOv11\output\智慧课堂学生行为数据集\random6_20260420_mainline_v3\teacher\teacher__0247\pose_tracks_smooth.jsonl --out F:\PythonProject\pythonProject\YOLOv11\output\智慧课堂学生行为数据集\random6_20260420_mainline_v3\teacher\teacher__0247\actions.raw.jsonl --model_mode rules
================================================================================
[FORCE] step055 fuse actions with object evidence

================================================================================
[RUN] 05b_fuse_actions_with_objects.py --actions F:\PythonProject\pythonProject\YOLOv11\output\智慧课堂学生行为数据集\random6_20260420_mainline_v3\teacher\teacher__0247\actions.raw.jsonl --objects F:\PythonProject\pythonProject\YOLOv11\output\智慧课堂学生行为数据集\random6_20260420_mainline_v3\teacher\teacher__0247\objects.jsonl --out F:\PythonProject\pythonProject\YOLOv11\output\智慧课堂学生行为数据集\random6_20260420_mainline_v3\teacher\teacher__0247\actions.jsonl --window 0.8 --alpha 0.75 --beta 0.25
================================================================================
[FORCE] step006 asr transcript

================================================================================
[RUN] 06_asr_whisper_to_jsonl.py --video F:\PythonProject\pythonProject\YOLOv11\data\智慧课堂学生行为数据集\教师视角\0247.mp4 --out_dir F:\PythonProject\pythonProject\YOLOv11\output\智慧课堂学生行为数据集\random6_20260420_mainline_v3\teacher\teacher__0247 --lang zh --model small --device cuda --compute_type int8_float16 --beam_size 5 --vad_filter 0 --condition_on_previous_text 0
================================================================================
[FORCE] step065 extract event queries

================================================================================
[RUN] 06b_event_query_extraction.py --transcript F:\PythonProject\pythonProject\YOLOv11\output\智慧课堂学生行为数据集\random6_20260420_mainline_v3\teacher\teacher__0247\transcript.jsonl --out F:\PythonProject\pythonProject\YOLOv11\output\智慧课堂学生行为数据集\random6_20260420_mainline_v3\teacher\teacher__0247\event_queries.jsonl --validate 1
================================================================================
[FORCE] step066 adaptive multimodal align

================================================================================
[RUN] xx_align_multimodal.py --event_queries F:\PythonProject\pythonProject\YOLOv11\output\智慧课堂学生行为数据集\random6_20260420_mainline_v3\teacher\teacher__0247\event_queries.jsonl --actions F:\PythonProject\pythonProject\YOLOv11\output\智慧课堂学生行为数据集\random6_20260420_mainline_v3\teacher\teacher__0247\actions.jsonl --pose_uq F:\PythonProject\pythonProject\YOLOv11\output\智慧课堂学生行为数据集\random6_20260420_mainline_v3\teacher\teacher__0247\pose_tracks_smooth_uq.jsonl --out F:\PythonProject\pythonProject\YOLOv11\output\智慧课堂学生行为数据集\random6_20260420_mainline_v3\teacher\teacher__0247\align_multimodal.json
================================================================================
[FORCE] step070 dual verification

================================================================================
[RUN] 07_dual_verification.py --actions F:\PythonProject\pythonProject\YOLOv11\output\智慧课堂学生行为数据集\random6_20260420_mainline_v3\teacher\teacher__0247\actions.jsonl --event_queries F:\PythonProject\pythonProject\YOLOv11\output\智慧课堂学生行为数据集\random6_20260420_mainline_v3\teacher\teacher__0247\event_queries.jsonl --pose_uq F:\PythonProject\pythonProject\YOLOv11\output\智慧课堂学生行为数据集\random6_20260420_mainline_v3\teacher\teacher__0247\pose_tracks_smooth_uq.jsonl --aligned F:\PythonProject\pythonProject\YOLOv11\output\智慧课堂学生行为数据集\random6_20260420_mainline_v3\teacher\teacher__0247\align_multimodal.json --out F:\PythonProject\pythonProject\YOLOv11\output\智慧课堂学生行为数据集\random6_20260420_mainline_v3\teacher\teacher__0247\verified_events.jsonl --verifier_model  --per_person_out F:\PythonProject\pythonProject\YOLOv11\output\智慧课堂学生行为数据集\random6_20260420_mainline_v3\teacher\teacher__0247\per_person_sequences.json --validate 1
================================================================================
[FORCE] step071 verifier evaluation report

================================================================================
[RUN] eval.py --verified F:\PythonProject\pythonProject\YOLOv11\output\智慧课堂学生行为数据集\random6_20260420_mainline_v3\teacher\teacher__0247\verified_events.jsonl --out F:\PythonProject\pythonProject\YOLOv11\output\智慧课堂学生行为数据集\random6_20260420_mainline_v3\teacher\teacher__0247\verifier_eval_report.json --split val --target_field auto
================================================================================
[FORCE] step072 verifier calibration report

================================================================================
[RUN] calibration.py --verified F:\PythonProject\pythonProject\YOLOv11\output\智慧课堂学生行为数据集\random6_20260420_mainline_v3\teacher\teacher__0247\verified_events.jsonl --out F:\PythonProject\pythonProject\YOLOv11\output\智慧课堂学生行为数据集\random6_20260420_mainline_v3\teacher\teacher__0247\verifier_calibration_report.json --split val --target_field auto --prob_field p_match --num_bins 10 --disable_temperature_scaling 0 --diagram_out F:\PythonProject\pythonProject\YOLOv11\output\智慧课堂学生行为数据集\random6_20260420_mainline_v3\teacher\teacher__0247\verifier_reliability_diagram.svg
================================================================================
[FORCE] step010 timeline visualization

================================================================================
[RUN] 10_visualize_timeline.py --src F:\PythonProject\pythonProject\YOLOv11\output\智慧课堂学生行为数据集\random6_20260420_mainline_v3\teacher\teacher__0247\per_person_sequences.json --verified_src F:\PythonProject\pythonProject\YOLOv11\output\智慧课堂学生行为数据集\random6_20260420_mainline_v3\teacher\teacher__0247\verified_events.jsonl --out F:\PythonProject\pythonProject\YOLOv11\output\智慧课堂学生行为数据集\random6_20260420_mainline_v3\teacher\teacher__0247\timeline_chart.png --gap_tol 1.5 --min_dur 0.1 --fps 25.0
================================================================================

[DONE] formal pipeline completed
Output dir             : F:\PythonProject\pythonProject\YOLOv11\output\智慧课堂学生行为数据集\random6_20260420_mainline_v3\teacher\teacher__0247
Pose tracks UQ         : F:\PythonProject\pythonProject\YOLOv11\output\智慧课堂学生行为数据集\random6_20260420_mainline_v3\teacher\teacher__0247\pose_tracks_smooth_uq.jsonl
Object evidence        : F:\PythonProject\pythonProject\YOLOv11\output\智慧课堂学生行为数据集\random6_20260420_mainline_v3\teacher\teacher__0247\objects.jsonl
Event queries          : F:\PythonProject\pythonProject\YOLOv11\output\智慧课堂学生行为数据集\random6_20260420_mainline_v3\teacher\teacher__0247\event_queries.jsonl
Verified events        : F:\PythonProject\pythonProject\YOLOv11\output\智慧课堂学生行为数据集\random6_20260420_mainline_v3\teacher\teacher__0247\verified_events.jsonl
Verifier eval report   : F:\PythonProject\pythonProject\YOLOv11\output\智慧课堂学生行为数据集\random6_20260420_mainline_v3\teacher\teacher__0247\verifier_eval_report.json
Verifier calibration   : F:\PythonProject\pythonProject\YOLOv11\output\智慧课堂学生行为数据集\random6_20260420_mainline_v3\teacher\teacher__0247\verifier_calibration_report.json
Reliability diagram    : F:\PythonProject\pythonProject\YOLOv11\output\智慧课堂学生行为数据集\random6_20260420_mainline_v3\teacher\teacher__0247\verifier_reliability_diagram.svg
Verifier model         : not_used
Timeline chart         : F:\PythonProject\pythonProject\YOLOv11\output\智慧课堂学生行为数据集\random6_20260420_mainline_v3\teacher\teacher__0247\timeline_chart.png
