[CHECK] video exists? True F:\PythonProject\pythonProject\YOLOv11\data\жҷәж…§иҜҫе ӮеӯҰз”ҹиЎҢдёәж•°жҚ®йӣҶ\ж–ңдёҠж–№и§Ҷи§’2\445703.mp4
[CHECK] model ref: F:\PythonProject\pythonProject\YOLOv11\yolo11x-pose.pt
[INFO] exported 300 frames
[INFO] exported 600 frames
[INFO] exported 900 frames
[DONE] JSONL: F:\PythonProject\pythonProject\YOLOv11\output\жҷәж…§иҜҫе ӮеӯҰз”ҹиЎҢдёәж•°жҚ®йӣҶ\random6_20260420_mainline_v3\top2\top2__445703\pose_keypoints_v2.jsonl
[INFO] Tracking started using strict logic...
       max_lost_frames=500 (Memory ~20s)
       track_min_frames=75 (configured=75, ratio=0.6)
       tmp_path=F:\PythonProject\pythonProject\YOLOv11\output\ЦЗ»ЫҝОМГС§ЙъРРОӘКэҫЭјҜ\random6_20260420_mainline_v3\top2\top2__445703\pose_tracks_smooth.jsonl.tmp.jsonl
[DONE] pose_tracks_smooth.jsonl: F:\PythonProject\pythonProject\YOLOv11\output\ЦЗ»ЫҝОМГС§ЙъРРОӘКэҫЭјҜ\random6_20260420_mainline_v3\top2\top2__445703\pose_tracks_smooth.jsonl
[INFO] Final valid IDs count: 19 (Filtered out 2 short tracks)
[DONE] pose UQ exported: F:\PythonProject\pythonProject\YOLOv11\output\ЦЗ»ЫҝОМГС§ЙъРРОӘКэҫЭјҜ\random6_20260420_mainline_v3\top2\top2__445703\pose_tracks_smooth_uq.jsonl
[INFO] rows written: 1099
[INFO] video   = F:\PythonProject\pythonProject\YOLOv11\data\жҷәж…§иҜҫе ӮеӯҰз”ҹиЎҢдёәж•°жҚ®йӣҶ\ж–ңдёҠж–№и§Ҷи§’2\445703.mp4
[INFO] out     = F:\PythonProject\pythonProject\YOLOv11\output\жҷәж…§иҜҫе ӮеӯҰз”ҹиЎҢдёәж•°жҚ®йӣҶ\random6_20260420_mainline_v3\top2\top2__445703\objects.jsonl
[INFO] model   = F:\PythonProject\pythonProject\YOLOv11\yolo11x.pt
[INFO] conf/iou = 0.1/0.5, imgsz=1280, stride=1
[INFO] classes = [67, 73, 63] -> ['cell phone', 'book', 'laptop']
[INFO] processed 500 frames, wrote_lines=500, last dets=6
[INFO] processed 1000 frames, wrote_lines=1000, last dets=11
[DONE] objects jsonl saved: F:\PythonProject\pythonProject\YOLOv11\output\жҷәж…§иҜҫе ӮеӯҰз”ҹиЎҢдёәж•°жҚ®йӣҶ\random6_20260420_mainline_v3\top2\top2__445703\objects.jsonl (lines=1099)
[DONE] actions: F:\PythonProject\pythonProject\YOLOv11\output\ЦЗ»ЫҝОМГС§ЙъРРОӘКэҫЭјҜ\random6_20260420_mainline_v3\top2\top2__445703\actions.raw.jsonl (110)
[DONE] embeddings: F:\PythonProject\pythonProject\YOLOv11\output\ЦЗ»ЫҝОМГС§ЙъРРОӘКэҫЭјҜ\random6_20260420_mainline_v3\top2\top2__445703\embeddings.pkl
[INFO] mode: rules
[INFO] actions=110, objects=1099
[INFO] fusion alpha=0.750, beta=0.250, window=0.80s
[DONE] wrote fused actions: F:\PythonProject\pythonProject\YOLOv11\output\ЦЗ»ЫҝОМГС§ЙъРРОӘКэҫЭјҜ\random6_20260420_mainline_v3\top2\top2__445703\actions.jsonl (changed=0)
F:\miniconda\envs\pytorch_env\lib\site-packages\requests\__init__.py:86: RequestsDependencyWarning: Unable to find acceptable character detection dependency (chardet or charset_normalizer).
  warnings.warn(
[DONE] transcript: F:\PythonProject\pythonProject\YOLOv11\output\ЦЗ»ЫҝОМГС§ЙъРРОӘКэҫЭјҜ\random6_20260420_mainline_v3\top2\top2__445703\transcript.jsonl
[INFO] segments: 15
[INFO] whisper config: model=small device=cuda compute_type=int8_float16 beam_size=5 vad_filter=0
[INFO] added_dll_paths=2
[DONE] event queries exported: F:\PythonProject\pythonProject\YOLOv11\output\ЦЗ»ЫҝОМГС§ЙъРРОӘКэҫЭјҜ\random6_20260420_mainline_v3\top2\top2__445703\event_queries.jsonl
[INFO] total event queries: 15
[DONE] aligned multimodal events: F:\PythonProject\pythonProject\YOLOv11\output\ЦЗ»ЫҝОМГС§ЙъРРОӘКэҫЭјҜ\random6_20260420_mainline_v3\top2\top2__445703\align_multimodal.json
[INFO] events: 15
[DONE] compat per_person: F:\PythonProject\pythonProject\YOLOv11\output\ЦЗ»ЫҝОМГС§ЙъРРОӘКэҫЭјҜ\random6_20260420_mainline_v3\top2\top2__445703\per_person_sequences.json
[DONE] verified events: F:\PythonProject\pythonProject\YOLOv11\output\ЦЗ»ЫҝОМГС§ЙъРРОӘКэҫЭјҜ\random6_20260420_mainline_v3\top2\top2__445703\verified_events.jsonl
[INFO] rows: 15
[DONE] eval report: F:\PythonProject\pythonProject\YOLOv11\output\ЦЗ»ЫҝОМГС§ЙъРРОӘКэҫЭјҜ\random6_20260420_mainline_v3\top2\top2__445703\verifier_eval_report.json
[INFO] total=15 f1=0.3333 e_prob=0.0000
[DONE] calibration report: F:\PythonProject\pythonProject\YOLOv11\output\ЦЗ»ЫҝОМГС§ЙъРРОӘКэҫЭјҜ\random6_20260420_mainline_v3\top2\top2__445703\verifier_calibration_report.json
[DONE] reliability diagram: F:\PythonProject\pythonProject\YOLOv11\output\ЦЗ»ЫҝОМГС§ЙъРРОӘКэҫЭјҜ\random6_20260420_mainline_v3\top2\top2__445703\verifier_reliability_diagram.svg
[INFO] total=15 ece_before=0.5221 ece_after=0.5074 brier_before=0.2727 brier_after=0.2574 T=3.000
[DONE] verified timeline png: F:\PythonProject\pythonProject\YOLOv11\output\ЦЗ»ЫҝОМГС§ЙъРРОӘКэҫЭјҜ\random6_20260420_mainline_v3\top2\top2__445703\timeline_chart.png
[DONE] verified timeline json: F:\PythonProject\pythonProject\YOLOv11\output\ЦЗ»ЫҝОМГС§ЙъРРОӘКэҫЭјҜ\random6_20260420_mainline_v3\top2\top2__445703\timeline_chart.json
[INFO] YOLO_CONFIG_DIR=F:\PythonProject\pythonProject\YOLOv11\.ultralytics
[FORCE] step002 pose keypoints

================================================================================
[RUN] 02_export_keypoints_jsonl.py --video F:\PythonProject\pythonProject\YOLOv11\data\ЦЗ»ЫҝОМГС§ЙъРРОӘКэҫЭјҜ\РұЙП·ҪКУҪЗ2\445703.mp4 --out F:\PythonProject\pythonProject\YOLOv11\output\ЦЗ»ЫҝОМГС§ЙъРРОӘКэҫЭјҜ\random6_20260420_mainline_v3\top2\top2__445703\pose_keypoints_v2.jsonl --model F:\PythonProject\pythonProject\YOLOv11\yolo11x-pose.pt --interpolate_occluded 0 --occlusion_conf_thres 0.2
================================================================================
[FORCE] step004 track and smooth

================================================================================
[RUN] 03_track_and_smooth.py --in F:\PythonProject\pythonProject\YOLOv11\output\ЦЗ»ЫҝОМГС§ЙъРРОӘКэҫЭјҜ\random6_20260420_mainline_v3\top2\top2__445703\pose_keypoints_v2.jsonl --video F:\PythonProject\pythonProject\YOLOv11\data\ЦЗ»ЫҝОМГС§ЙъРРОӘКэҫЭјҜ\РұЙП·ҪКУҪЗ2\445703.mp4 --out F:\PythonProject\pythonProject\YOLOv11\output\ЦЗ»ЫҝОМГС§ЙъРРОӘКэҫЭјҜ\random6_20260420_mainline_v3\top2\top2__445703\pose_tracks_smooth.jsonl --track_min_frames 75 --track_min_frames_ratio 0.6 --track_min_frames_min 10
================================================================================
[FORCE] step035 estimate uncertainty

================================================================================
[RUN] 03c_estimate_track_uncertainty.py --in F:\PythonProject\pythonProject\YOLOv11\output\ЦЗ»ЫҝОМГС§ЙъРРОӘКэҫЭјҜ\random6_20260420_mainline_v3\top2\top2__445703\pose_tracks_smooth.jsonl --out F:\PythonProject\pythonProject\YOLOv11\output\ЦЗ»ЫҝОМГС§ЙъРРОӘКэҫЭјҜ\random6_20260420_mainline_v3\top2\top2__445703\pose_tracks_smooth_uq.jsonl --validate 1
================================================================================
[FORCE] step045 object detection evidence

================================================================================
[RUN] 02b_export_objects_jsonl.py --video F:\PythonProject\pythonProject\YOLOv11\data\ЦЗ»ЫҝОМГС§ЙъРРОӘКэҫЭјҜ\РұЙП·ҪКУҪЗ2\445703.mp4 --out F:\PythonProject\pythonProject\YOLOv11\output\ЦЗ»ЫҝОМГС§ЙъРРОӘКэҫЭјҜ\random6_20260420_mainline_v3\top2\top2__445703\objects.jsonl --model F:\PythonProject\pythonProject\YOLOv11\yolo11x.pt --conf 0.1 --iou 0.5 --imgsz 1280 --stride 1 --classes 67,73,63
================================================================================
[FORCE] step005 action recognition

================================================================================
[RUN] 05_slowfast_actions.py --video F:\PythonProject\pythonProject\YOLOv11\data\ЦЗ»ЫҝОМГС§ЙъРРОӘКэҫЭјҜ\РұЙП·ҪКУҪЗ2\445703.mp4 --pose F:\PythonProject\pythonProject\YOLOv11\output\ЦЗ»ЫҝОМГС§ЙъРРОӘКэҫЭјҜ\random6_20260420_mainline_v3\top2\top2__445703\pose_tracks_smooth.jsonl --out F:\PythonProject\pythonProject\YOLOv11\output\ЦЗ»ЫҝОМГС§ЙъРРОӘКэҫЭјҜ\random6_20260420_mainline_v3\top2\top2__445703\actions.raw.jsonl --model_mode rules
================================================================================
[FORCE] step055 fuse actions with object evidence

================================================================================
[RUN] 05b_fuse_actions_with_objects.py --actions F:\PythonProject\pythonProject\YOLOv11\output\ЦЗ»ЫҝОМГС§ЙъРРОӘКэҫЭјҜ\random6_20260420_mainline_v3\top2\top2__445703\actions.raw.jsonl --objects F:\PythonProject\pythonProject\YOLOv11\output\ЦЗ»ЫҝОМГС§ЙъРРОӘКэҫЭјҜ\random6_20260420_mainline_v3\top2\top2__445703\objects.jsonl --out F:\PythonProject\pythonProject\YOLOv11\output\ЦЗ»ЫҝОМГС§ЙъРРОӘКэҫЭјҜ\random6_20260420_mainline_v3\top2\top2__445703\actions.jsonl --window 0.8 --alpha 0.75 --beta 0.25
================================================================================
[FORCE] step006 asr transcript

================================================================================
[RUN] 06_asr_whisper_to_jsonl.py --video F:\PythonProject\pythonProject\YOLOv11\data\ЦЗ»ЫҝОМГС§ЙъРРОӘКэҫЭјҜ\РұЙП·ҪКУҪЗ2\445703.mp4 --out_dir F:\PythonProject\pythonProject\YOLOv11\output\ЦЗ»ЫҝОМГС§ЙъРРОӘКэҫЭјҜ\random6_20260420_mainline_v3\top2\top2__445703 --lang zh --model small --device cuda --compute_type int8_float16 --beam_size 5 --vad_filter 0 --condition_on_previous_text 0
================================================================================
[FORCE] step065 extract event queries

================================================================================
[RUN] 06b_event_query_extraction.py --transcript F:\PythonProject\pythonProject\YOLOv11\output\ЦЗ»ЫҝОМГС§ЙъРРОӘКэҫЭјҜ\random6_20260420_mainline_v3\top2\top2__445703\transcript.jsonl --out F:\PythonProject\pythonProject\YOLOv11\output\ЦЗ»ЫҝОМГС§ЙъРРОӘКэҫЭјҜ\random6_20260420_mainline_v3\top2\top2__445703\event_queries.jsonl --validate 1
================================================================================
[FORCE] step066 adaptive multimodal align

================================================================================
[RUN] xx_align_multimodal.py --event_queries F:\PythonProject\pythonProject\YOLOv11\output\ЦЗ»ЫҝОМГС§ЙъРРОӘКэҫЭјҜ\random6_20260420_mainline_v3\top2\top2__445703\event_queries.jsonl --actions F:\PythonProject\pythonProject\YOLOv11\output\ЦЗ»ЫҝОМГС§ЙъРРОӘКэҫЭјҜ\random6_20260420_mainline_v3\top2\top2__445703\actions.jsonl --pose_uq F:\PythonProject\pythonProject\YOLOv11\output\ЦЗ»ЫҝОМГС§ЙъРРОӘКэҫЭјҜ\random6_20260420_mainline_v3\top2\top2__445703\pose_tracks_smooth_uq.jsonl --out F:\PythonProject\pythonProject\YOLOv11\output\ЦЗ»ЫҝОМГС§ЙъРРОӘКэҫЭјҜ\random6_20260420_mainline_v3\top2\top2__445703\align_multimodal.json
================================================================================
[FORCE] step070 dual verification

================================================================================
[RUN] 07_dual_verification.py --actions F:\PythonProject\pythonProject\YOLOv11\output\ЦЗ»ЫҝОМГС§ЙъРРОӘКэҫЭјҜ\random6_20260420_mainline_v3\top2\top2__445703\actions.jsonl --event_queries F:\PythonProject\pythonProject\YOLOv11\output\ЦЗ»ЫҝОМГС§ЙъРРОӘКэҫЭјҜ\random6_20260420_mainline_v3\top2\top2__445703\event_queries.jsonl --pose_uq F:\PythonProject\pythonProject\YOLOv11\output\ЦЗ»ЫҝОМГС§ЙъРРОӘКэҫЭјҜ\random6_20260420_mainline_v3\top2\top2__445703\pose_tracks_smooth_uq.jsonl --aligned F:\PythonProject\pythonProject\YOLOv11\output\ЦЗ»ЫҝОМГС§ЙъРРОӘКэҫЭјҜ\random6_20260420_mainline_v3\top2\top2__445703\align_multimodal.json --out F:\PythonProject\pythonProject\YOLOv11\output\ЦЗ»ЫҝОМГС§ЙъРРОӘКэҫЭјҜ\random6_20260420_mainline_v3\top2\top2__445703\verified_events.jsonl --verifier_model  --per_person_out F:\PythonProject\pythonProject\YOLOv11\output\ЦЗ»ЫҝОМГС§ЙъРРОӘКэҫЭјҜ\random6_20260420_mainline_v3\top2\top2__445703\per_person_sequences.json --validate 1
================================================================================
[FORCE] step071 verifier evaluation report

================================================================================
[RUN] eval.py --verified F:\PythonProject\pythonProject\YOLOv11\output\ЦЗ»ЫҝОМГС§ЙъРРОӘКэҫЭјҜ\random6_20260420_mainline_v3\top2\top2__445703\verified_events.jsonl --out F:\PythonProject\pythonProject\YOLOv11\output\ЦЗ»ЫҝОМГС§ЙъРРОӘКэҫЭјҜ\random6_20260420_mainline_v3\top2\top2__445703\verifier_eval_report.json --split val --target_field auto
================================================================================
[FORCE] step072 verifier calibration report

================================================================================
[RUN] calibration.py --verified F:\PythonProject\pythonProject\YOLOv11\output\ЦЗ»ЫҝОМГС§ЙъРРОӘКэҫЭјҜ\random6_20260420_mainline_v3\top2\top2__445703\verified_events.jsonl --out F:\PythonProject\pythonProject\YOLOv11\output\ЦЗ»ЫҝОМГС§ЙъРРОӘКэҫЭјҜ\random6_20260420_mainline_v3\top2\top2__445703\verifier_calibration_report.json --split val --target_field auto --prob_field p_match --num_bins 10 --disable_temperature_scaling 0 --diagram_out F:\PythonProject\pythonProject\YOLOv11\output\ЦЗ»ЫҝОМГС§ЙъРРОӘКэҫЭјҜ\random6_20260420_mainline_v3\top2\top2__445703\verifier_reliability_diagram.svg
================================================================================
[FORCE] step010 timeline visualization

================================================================================
[RUN] 10_visualize_timeline.py --src F:\PythonProject\pythonProject\YOLOv11\output\ЦЗ»ЫҝОМГС§ЙъРРОӘКэҫЭјҜ\random6_20260420_mainline_v3\top2\top2__445703\per_person_sequences.json --verified_src F:\PythonProject\pythonProject\YOLOv11\output\ЦЗ»ЫҝОМГС§ЙъРРОӘКэҫЭјҜ\random6_20260420_mainline_v3\top2\top2__445703\verified_events.jsonl --out F:\PythonProject\pythonProject\YOLOv11\output\ЦЗ»ЫҝОМГС§ЙъРРОӘКэҫЭјҜ\random6_20260420_mainline_v3\top2\top2__445703\timeline_chart.png --gap_tol 1.5 --min_dur 0.1 --fps 25.0
================================================================================

[DONE] formal pipeline completed
Output dir             : F:\PythonProject\pythonProject\YOLOv11\output\ЦЗ»ЫҝОМГС§ЙъРРОӘКэҫЭјҜ\random6_20260420_mainline_v3\top2\top2__445703
Pose tracks UQ         : F:\PythonProject\pythonProject\YOLOv11\output\ЦЗ»ЫҝОМГС§ЙъРРОӘКэҫЭјҜ\random6_20260420_mainline_v3\top2\top2__445703\pose_tracks_smooth_uq.jsonl
Object evidence        : F:\PythonProject\pythonProject\YOLOv11\output\ЦЗ»ЫҝОМГС§ЙъРРОӘКэҫЭјҜ\random6_20260420_mainline_v3\top2\top2__445703\objects.jsonl
Event queries          : F:\PythonProject\pythonProject\YOLOv11\output\ЦЗ»ЫҝОМГС§ЙъРРОӘКэҫЭјҜ\random6_20260420_mainline_v3\top2\top2__445703\event_queries.jsonl
Verified events        : F:\PythonProject\pythonProject\YOLOv11\output\ЦЗ»ЫҝОМГС§ЙъРРОӘКэҫЭјҜ\random6_20260420_mainline_v3\top2\top2__445703\verified_events.jsonl
Verifier eval report   : F:\PythonProject\pythonProject\YOLOv11\output\ЦЗ»ЫҝОМГС§ЙъРРОӘКэҫЭјҜ\random6_20260420_mainline_v3\top2\top2__445703\verifier_eval_report.json
Verifier calibration   : F:\PythonProject\pythonProject\YOLOv11\output\ЦЗ»ЫҝОМГС§ЙъРРОӘКэҫЭјҜ\random6_20260420_mainline_v3\top2\top2__445703\verifier_calibration_report.json
Reliability diagram    : F:\PythonProject\pythonProject\YOLOv11\output\ЦЗ»ЫҝОМГС§ЙъРРОӘКэҫЭјҜ\random6_20260420_mainline_v3\top2\top2__445703\verifier_reliability_diagram.svg
Verifier model         : not_used
Timeline chart         : F:\PythonProject\pythonProject\YOLOv11\output\ЦЗ»ЫҝОМГС§ЙъРРОӘКэҫЭјҜ\random6_20260420_mainline_v3\top2\top2__445703\timeline_chart.png
