[INFO] YOLO_CONFIG_DIR=F:\PythonProject\pythonProject\YOLOv11\.ultralytics
[CACHE] step002 pose keypoints
[CACHE] step004 track and smooth
[CACHE] step035 estimate uncertainty
[CACHE] step045 object detection evidence
[CACHE] step005 action recognition
[CACHE] step055 fuse actions with object evidence
[CACHE] step046 behavior detection evidence
[CACHE] step047 convert behavior det to actions
[CACHE] step058 merge rule actions with behavior actions
[CACHE] step006 asr transcript
[CACHE] step065 extract event queries
[CACHE] step066 adaptive multimodal align
[CACHE] step070 dual verification
[CACHE] step071 verifier evaluation report
[CACHE] step072 verifier calibration report
[CACHE] step010 timeline visualization

[DONE] formal pipeline completed
Output dir             : F:\PythonProject\pythonProject\YOLOv11\output\智慧课堂学生行为数据集\random6_20260420_behavior_aug_v1\front\front__28646
Pose tracks UQ         : F:\PythonProject\pythonProject\YOLOv11\output\智慧课堂学生行为数据集\random6_20260420_behavior_aug_v1\front\front__28646\pose_tracks_smooth_uq.jsonl
Object evidence        : F:\PythonProject\pythonProject\YOLOv11\output\智慧课堂学生行为数据集\random6_20260420_behavior_aug_v1\front\front__28646\objects.jsonl
Behavior detections    : F:\PythonProject\pythonProject\YOLOv11\output\智慧课堂学生行为数据集\random6_20260420_behavior_aug_v1\front\front__28646\behavior_det.jsonl
Behavior actions       : F:\PythonProject\pythonProject\YOLOv11\output\智慧课堂学生行为数据集\random6_20260420_behavior_aug_v1\front\front__28646\actions.behavior.jsonl
Behavior action mode   : append
Actions for align      : F:\PythonProject\pythonProject\YOLOv11\output\智慧课堂学生行为数据集\random6_20260420_behavior_aug_v1\front\front__28646\actions.behavior_aug.jsonl
Event queries          : F:\PythonProject\pythonProject\YOLOv11\output\智慧课堂学生行为数据集\random6_20260420_behavior_aug_v1\front\front__28646\event_queries.jsonl
Verified events        : F:\PythonProject\pythonProject\YOLOv11\output\智慧课堂学生行为数据集\random6_20260420_behavior_aug_v1\front\front__28646\verified_events.jsonl
Verifier eval report   : F:\PythonProject\pythonProject\YOLOv11\output\智慧课堂学生行为数据集\random6_20260420_behavior_aug_v1\front\front__28646\verifier_eval_report.json
Verifier calibration   : F:\PythonProject\pythonProject\YOLOv11\output\智慧课堂学生行为数据集\random6_20260420_behavior_aug_v1\front\front__28646\verifier_calibration_report.json
Reliability diagram    : F:\PythonProject\pythonProject\YOLOv11\output\智慧课堂学生行为数据集\random6_20260420_behavior_aug_v1\front\front__28646\verifier_reliability_diagram.svg
Verifier model         : not_used
Timeline chart         : F:\PythonProject\pythonProject\YOLOv11\output\智慧课堂学生行为数据集\random6_20260420_behavior_aug_v1\front\front__28646\timeline_chart.png
