[INFO] video   = F:\PythonProject\pythonProject\YOLOv11\data\жҷәж…§иҜҫе ӮеӯҰз”ҹиЎҢдёәж•°жҚ®йӣҶ\ж•ҷеёҲи§Ҷи§’\0642.mp4
[INFO] out     = F:\PythonProject\pythonProject\YOLOv11\output\жҷәж…§иҜҫе ӮеӯҰз”ҹиЎҢдёәж•°жҚ®йӣҶ\random6_20260420_behavior_aug_v1\teacher\teacher__0642\objects.jsonl
[INFO] model   = F:\PythonProject\pythonProject\YOLOv11\yolo11x.pt
[INFO] conf/iou = 0.1/0.5, imgsz=1280, stride=1
[INFO] classes = [67, 73, 63] -> ['cell phone', 'book', 'laptop']
[DONE] objects jsonl saved: F:\PythonProject\pythonProject\YOLOv11\output\жҷәж…§иҜҫе ӮеӯҰз”ҹиЎҢдёәж•°жҚ®йӣҶ\random6_20260420_behavior_aug_v1\teacher\teacher__0642\objects.jsonl (lines=0)
[INFO] actions=8, objects=0
[INFO] fusion alpha=0.750, beta=0.250, window=0.80s
[DONE] wrote fused actions: F:\PythonProject\pythonProject\YOLOv11\output\ЦЗ»ЫҝОМГС§ЙъРРОӘКэҫЭјҜ\random6_20260420_behavior_aug_v1\teacher\teacher__0642\actions.jsonl (changed=0)
[DONE] merged actions: F:\PythonProject\pythonProject\YOLOv11\output\ЦЗ»ЫҝОМГС§ЙъРРОӘКэҫЭјҜ\random6_20260420_behavior_aug_v1\teacher\teacher__0642\actions.behavior_aug.jsonl (primary=8, extra=2, merged=10)
[DONE] aligned multimodal events: F:\PythonProject\pythonProject\YOLOv11\output\ЦЗ»ЫҝОМГС§ЙъРРОӘКэҫЭјҜ\random6_20260420_behavior_aug_v1\teacher\teacher__0642\align_multimodal.json
[INFO] events: 1
[DONE] compat per_person: F:\PythonProject\pythonProject\YOLOv11\output\ЦЗ»ЫҝОМГС§ЙъРРОӘКэҫЭјҜ\random6_20260420_behavior_aug_v1\teacher\teacher__0642\per_person_sequences.json
[DONE] verified events: F:\PythonProject\pythonProject\YOLOv11\output\ЦЗ»ЫҝОМГС§ЙъРРОӘКэҫЭјҜ\random6_20260420_behavior_aug_v1\teacher\teacher__0642\verified_events.jsonl
[INFO] rows: 1
[DONE] eval report: F:\PythonProject\pythonProject\YOLOv11\output\ЦЗ»ЫҝОМГС§ЙъРРОӘКэҫЭјҜ\random6_20260420_behavior_aug_v1\teacher\teacher__0642\verifier_eval_report.json
[INFO] total=1 f1=0.3333 e_prob=0.0000
[DONE] calibration report: F:\PythonProject\pythonProject\YOLOv11\output\ЦЗ»ЫҝОМГС§ЙъРРОӘКэҫЭјҜ\random6_20260420_behavior_aug_v1\teacher\teacher__0642\verifier_calibration_report.json
[DONE] reliability diagram: F:\PythonProject\pythonProject\YOLOv11\output\ЦЗ»ЫҝОМГС§ЙъРРОӘКэҫЭјҜ\random6_20260420_behavior_aug_v1\teacher\teacher__0642\verifier_reliability_diagram.svg
[INFO] total=1 ece_before=0.5191 ece_after=0.5064 brier_before=0.2695 brier_after=0.2564 T=3.000
[DONE] verified timeline png: F:\PythonProject\pythonProject\YOLOv11\output\ЦЗ»ЫҝОМГС§ЙъРРОӘКэҫЭјҜ\random6_20260420_behavior_aug_v1\teacher\teacher__0642\timeline_chart.png
[DONE] verified timeline json: F:\PythonProject\pythonProject\YOLOv11\output\ЦЗ»ЫҝОМГС§ЙъРРОӘКэҫЭјҜ\random6_20260420_behavior_aug_v1\teacher\teacher__0642\timeline_chart.json
[INFO] YOLO_CONFIG_DIR=F:\PythonProject\pythonProject\YOLOv11\.ultralytics
[CACHE] step002 pose keypoints
[CACHE] step004 track and smooth
[CACHE] step035 estimate uncertainty
[DO] step045 object detection evidence

================================================================================
[RUN] 02b_export_objects_jsonl.py --video F:\PythonProject\pythonProject\YOLOv11\data\ЦЗ»ЫҝОМГС§ЙъРРОӘКэҫЭјҜ\ҪМКҰКУҪЗ\0642.mp4 --out F:\PythonProject\pythonProject\YOLOv11\output\ЦЗ»ЫҝОМГС§ЙъРРОӘКэҫЭјҜ\random6_20260420_behavior_aug_v1\teacher\teacher__0642\objects.jsonl --model F:\PythonProject\pythonProject\YOLOv11\yolo11x.pt --conf 0.1 --iou 0.5 --imgsz 1280 --stride 1 --classes 67,73,63
================================================================================
[CACHE] step005 action recognition
[DO] step055 fuse actions with object evidence

================================================================================
[RUN] 05b_fuse_actions_with_objects.py --actions F:\PythonProject\pythonProject\YOLOv11\output\ЦЗ»ЫҝОМГС§ЙъРРОӘКэҫЭјҜ\random6_20260420_behavior_aug_v1\teacher\teacher__0642\actions.raw.jsonl --objects F:\PythonProject\pythonProject\YOLOv11\output\ЦЗ»ЫҝОМГС§ЙъРРОӘКэҫЭјҜ\random6_20260420_behavior_aug_v1\teacher\teacher__0642\objects.jsonl --out F:\PythonProject\pythonProject\YOLOv11\output\ЦЗ»ЫҝОМГС§ЙъРРОӘКэҫЭјҜ\random6_20260420_behavior_aug_v1\teacher\teacher__0642\actions.jsonl --window 0.8 --alpha 0.75 --beta 0.25
================================================================================
[CACHE] step046 behavior detection evidence
[CACHE] step047 convert behavior det to actions
[DO] step058 merge rule actions with behavior actions

================================================================================
[RUN] 05d_merge_action_sources.py --primary F:\PythonProject\pythonProject\YOLOv11\output\ЦЗ»ЫҝОМГС§ЙъРРОӘКэҫЭјҜ\random6_20260420_behavior_aug_v1\teacher\teacher__0642\actions.jsonl --extra F:\PythonProject\pythonProject\YOLOv11\output\ЦЗ»ЫҝОМГС§ЙъРРОӘКэҫЭјҜ\random6_20260420_behavior_aug_v1\teacher\teacher__0642\actions.behavior.jsonl --out F:\PythonProject\pythonProject\YOLOv11\output\ЦЗ»ЫҝОМГС§ЙъРРОӘКэҫЭјҜ\random6_20260420_behavior_aug_v1\teacher\teacher__0642\actions.behavior_aug.jsonl --extra_track_offset 100000
================================================================================
[CACHE] step006 asr transcript
[CACHE] step065 extract event queries
[DO] step066 adaptive multimodal align

================================================================================
[RUN] xx_align_multimodal.py --event_queries F:\PythonProject\pythonProject\YOLOv11\output\ЦЗ»ЫҝОМГС§ЙъРРОӘКэҫЭјҜ\random6_20260420_behavior_aug_v1\teacher\teacher__0642\event_queries.jsonl --actions F:\PythonProject\pythonProject\YOLOv11\output\ЦЗ»ЫҝОМГС§ЙъРРОӘКэҫЭјҜ\random6_20260420_behavior_aug_v1\teacher\teacher__0642\actions.behavior_aug.jsonl --pose_uq F:\PythonProject\pythonProject\YOLOv11\output\ЦЗ»ЫҝОМГС§ЙъРРОӘКэҫЭјҜ\random6_20260420_behavior_aug_v1\teacher\teacher__0642\pose_tracks_smooth_uq.jsonl --out F:\PythonProject\pythonProject\YOLOv11\output\ЦЗ»ЫҝОМГС§ЙъРРОӘКэҫЭјҜ\random6_20260420_behavior_aug_v1\teacher\teacher__0642\align_multimodal.json
================================================================================
[DO] step070 dual verification

================================================================================
[RUN] 07_dual_verification.py --actions F:\PythonProject\pythonProject\YOLOv11\output\ЦЗ»ЫҝОМГС§ЙъРРОӘКэҫЭјҜ\random6_20260420_behavior_aug_v1\teacher\teacher__0642\actions.behavior_aug.jsonl --event_queries F:\PythonProject\pythonProject\YOLOv11\output\ЦЗ»ЫҝОМГС§ЙъРРОӘКэҫЭјҜ\random6_20260420_behavior_aug_v1\teacher\teacher__0642\event_queries.jsonl --pose_uq F:\PythonProject\pythonProject\YOLOv11\output\ЦЗ»ЫҝОМГС§ЙъРРОӘКэҫЭјҜ\random6_20260420_behavior_aug_v1\teacher\teacher__0642\pose_tracks_smooth_uq.jsonl --aligned F:\PythonProject\pythonProject\YOLOv11\output\ЦЗ»ЫҝОМГС§ЙъРРОӘКэҫЭјҜ\random6_20260420_behavior_aug_v1\teacher\teacher__0642\align_multimodal.json --out F:\PythonProject\pythonProject\YOLOv11\output\ЦЗ»ЫҝОМГС§ЙъРРОӘКэҫЭјҜ\random6_20260420_behavior_aug_v1\teacher\teacher__0642\verified_events.jsonl --verifier_model  --per_person_out F:\PythonProject\pythonProject\YOLOv11\output\ЦЗ»ЫҝОМГС§ЙъРРОӘКэҫЭјҜ\random6_20260420_behavior_aug_v1\teacher\teacher__0642\per_person_sequences.json --validate 1
================================================================================
[DO] step071 verifier evaluation report

================================================================================
[RUN] eval.py --verified F:\PythonProject\pythonProject\YOLOv11\output\ЦЗ»ЫҝОМГС§ЙъРРОӘКэҫЭјҜ\random6_20260420_behavior_aug_v1\teacher\teacher__0642\verified_events.jsonl --out F:\PythonProject\pythonProject\YOLOv11\output\ЦЗ»ЫҝОМГС§ЙъРРОӘКэҫЭјҜ\random6_20260420_behavior_aug_v1\teacher\teacher__0642\verifier_eval_report.json --split val --target_field auto
================================================================================
[DO] step072 verifier calibration report

================================================================================
[RUN] calibration.py --verified F:\PythonProject\pythonProject\YOLOv11\output\ЦЗ»ЫҝОМГС§ЙъРРОӘКэҫЭјҜ\random6_20260420_behavior_aug_v1\teacher\teacher__0642\verified_events.jsonl --out F:\PythonProject\pythonProject\YOLOv11\output\ЦЗ»ЫҝОМГС§ЙъРРОӘКэҫЭјҜ\random6_20260420_behavior_aug_v1\teacher\teacher__0642\verifier_calibration_report.json --split val --target_field auto --prob_field p_match --num_bins 10 --disable_temperature_scaling 0 --diagram_out F:\PythonProject\pythonProject\YOLOv11\output\ЦЗ»ЫҝОМГС§ЙъРРОӘКэҫЭјҜ\random6_20260420_behavior_aug_v1\teacher\teacher__0642\verifier_reliability_diagram.svg
================================================================================
[DO] step010 timeline visualization

================================================================================
[RUN] 10_visualize_timeline.py --src F:\PythonProject\pythonProject\YOLOv11\output\ЦЗ»ЫҝОМГС§ЙъРРОӘКэҫЭјҜ\random6_20260420_behavior_aug_v1\teacher\teacher__0642\per_person_sequences.json --verified_src F:\PythonProject\pythonProject\YOLOv11\output\ЦЗ»ЫҝОМГС§ЙъРРОӘКэҫЭјҜ\random6_20260420_behavior_aug_v1\teacher\teacher__0642\verified_events.jsonl --out F:\PythonProject\pythonProject\YOLOv11\output\ЦЗ»ЫҝОМГС§ЙъРРОӘКэҫЭјҜ\random6_20260420_behavior_aug_v1\teacher\teacher__0642\timeline_chart.png --gap_tol 1.5 --min_dur 0.1 --fps 25.0
================================================================================

[DONE] formal pipeline completed
Output dir             : F:\PythonProject\pythonProject\YOLOv11\output\ЦЗ»ЫҝОМГС§ЙъРРОӘКэҫЭјҜ\random6_20260420_behavior_aug_v1\teacher\teacher__0642
Pose tracks UQ         : F:\PythonProject\pythonProject\YOLOv11\output\ЦЗ»ЫҝОМГС§ЙъРРОӘКэҫЭјҜ\random6_20260420_behavior_aug_v1\teacher\teacher__0642\pose_tracks_smooth_uq.jsonl
Object evidence        : F:\PythonProject\pythonProject\YOLOv11\output\ЦЗ»ЫҝОМГС§ЙъРРОӘКэҫЭјҜ\random6_20260420_behavior_aug_v1\teacher\teacher__0642\objects.jsonl
Behavior detections    : F:\PythonProject\pythonProject\YOLOv11\output\ЦЗ»ЫҝОМГС§ЙъРРОӘКэҫЭјҜ\random6_20260420_behavior_aug_v1\teacher\teacher__0642\behavior_det.jsonl
Behavior actions       : F:\PythonProject\pythonProject\YOLOv11\output\ЦЗ»ЫҝОМГС§ЙъРРОӘКэҫЭјҜ\random6_20260420_behavior_aug_v1\teacher\teacher__0642\actions.behavior.jsonl
Behavior action mode   : append
Actions for align      : F:\PythonProject\pythonProject\YOLOv11\output\ЦЗ»ЫҝОМГС§ЙъРРОӘКэҫЭјҜ\random6_20260420_behavior_aug_v1\teacher\teacher__0642\actions.behavior_aug.jsonl
Event queries          : F:\PythonProject\pythonProject\YOLOv11\output\ЦЗ»ЫҝОМГС§ЙъРРОӘКэҫЭјҜ\random6_20260420_behavior_aug_v1\teacher\teacher__0642\event_queries.jsonl
Verified events        : F:\PythonProject\pythonProject\YOLOv11\output\ЦЗ»ЫҝОМГС§ЙъРРОӘКэҫЭјҜ\random6_20260420_behavior_aug_v1\teacher\teacher__0642\verified_events.jsonl
Verifier eval report   : F:\PythonProject\pythonProject\YOLOv11\output\ЦЗ»ЫҝОМГС§ЙъРРОӘКэҫЭјҜ\random6_20260420_behavior_aug_v1\teacher\teacher__0642\verifier_eval_report.json
Verifier calibration   : F:\PythonProject\pythonProject\YOLOv11\output\ЦЗ»ЫҝОМГС§ЙъРРОӘКэҫЭјҜ\random6_20260420_behavior_aug_v1\teacher\teacher__0642\verifier_calibration_report.json
Reliability diagram    : F:\PythonProject\pythonProject\YOLOv11\output\ЦЗ»ЫҝОМГС§ЙъРРОӘКэҫЭјҜ\random6_20260420_behavior_aug_v1\teacher\teacher__0642\verifier_reliability_diagram.svg
Verifier model         : not_used
Timeline chart         : F:\PythonProject\pythonProject\YOLOv11\output\ЦЗ»ЫҝОМГС§ЙъРРОӘКэҫЭјҜ\random6_20260420_behavior_aug_v1\teacher\teacher__0642\timeline_chart.png
