[CHECK] video exists? True F:\PythonProject\pythonProject\YOLOv11\data\жҷәж…§иҜҫе ӮеӯҰз”ҹиЎҢдёәж•°жҚ®йӣҶ\ж–ңдёҠж–№и§Ҷи§’2\443363.mp4
[CHECK] model ref: F:\PythonProject\pythonProject\YOLOv11\yolo11x-pose.pt
[DONE] JSONL: F:\PythonProject\pythonProject\YOLOv11\output\жҷәж…§иҜҫе ӮеӯҰз”ҹиЎҢдёәж•°жҚ®йӣҶ\random6_20260420_behavior_aug_v1\top2\top2__443363\pose_keypoints_v2.jsonl
[INFO] Tracking started using strict logic...
       max_lost_frames=500 (Memory ~20s)
       track_min_frames=60 (configured=75, ratio=0.6)
       tmp_path=F:\PythonProject\pythonProject\YOLOv11\output\ЦЗ»ЫҝОМГС§ЙъРРОӘКэҫЭјҜ\random6_20260420_behavior_aug_v1\top2\top2__443363\pose_tracks_smooth.jsonl.tmp.jsonl
[DONE] pose_tracks_smooth.jsonl: F:\PythonProject\pythonProject\YOLOv11\output\ЦЗ»ЫҝОМГС§ЙъРРОӘКэҫЭјҜ\random6_20260420_behavior_aug_v1\top2\top2__443363\pose_tracks_smooth.jsonl
[INFO] Final valid IDs count: 10 (Filtered out 6 short tracks)
[DONE] pose UQ exported: F:\PythonProject\pythonProject\YOLOv11\output\ЦЗ»ЫҝОМГС§ЙъРРОӘКэҫЭјҜ\random6_20260420_behavior_aug_v1\top2\top2__443363\pose_tracks_smooth_uq.jsonl
[INFO] rows written: 100
[INFO] video   = F:\PythonProject\pythonProject\YOLOv11\data\жҷәж…§иҜҫе ӮеӯҰз”ҹиЎҢдёәж•°жҚ®йӣҶ\ж–ңдёҠж–№и§Ҷи§’2\443363.mp4
[INFO] out     = F:\PythonProject\pythonProject\YOLOv11\output\жҷәж…§иҜҫе ӮеӯҰз”ҹиЎҢдёәж•°жҚ®йӣҶ\random6_20260420_behavior_aug_v1\top2\top2__443363\objects.jsonl
[INFO] model   = F:\PythonProject\pythonProject\YOLOv11\yolo11x.pt
[INFO] conf/iou = 0.1/0.5, imgsz=1280, stride=1
[INFO] classes = [67, 73, 63] -> ['cell phone', 'book', 'laptop']
[DONE] objects jsonl saved: F:\PythonProject\pythonProject\YOLOv11\output\жҷәж…§иҜҫе ӮеӯҰз”ҹиЎҢдёәж•°жҚ®йӣҶ\random6_20260420_behavior_aug_v1\top2\top2__443363\objects.jsonl (lines=100)
[DONE] actions: F:\PythonProject\pythonProject\YOLOv11\output\ЦЗ»ЫҝОМГС§ЙъРРОӘКэҫЭјҜ\random6_20260420_behavior_aug_v1\top2\top2__443363\actions.raw.jsonl (29)
[DONE] embeddings: F:\PythonProject\pythonProject\YOLOv11\output\ЦЗ»ЫҝОМГС§ЙъРРОӘКэҫЭјҜ\random6_20260420_behavior_aug_v1\top2\top2__443363\embeddings.pkl
[INFO] mode: rules
[INFO] actions=29, objects=100
[INFO] fusion alpha=0.750, beta=0.250, window=0.80s
[DONE] wrote fused actions: F:\PythonProject\pythonProject\YOLOv11\output\ЦЗ»ЫҝОМГС§ЙъРРОӘКэҫЭјҜ\random6_20260420_behavior_aug_v1\top2\top2__443363\actions.jsonl (changed=3)
[DONE] behavior detections: F:\PythonProject\pythonProject\YOLOv11\output\жҷәж…§иҜҫе ӮеӯҰз”ҹиЎҢдёәж•°жҚ®йӣҶ\random6_20260420_behavior_aug_v1\top2\top2__443363\behavior_det.jsonl (rows=100)
[DONE] behavior->actions: F:\PythonProject\pythonProject\YOLOv11\output\ЦЗ»ЫҝОМГС§ЙъРРОӘКэҫЭјҜ\random6_20260420_behavior_aug_v1\top2\top2__443363\actions.behavior.jsonl (131)
[DONE] merged actions: F:\PythonProject\pythonProject\YOLOv11\output\ЦЗ»ЫҝОМГС§ЙъРРОӘКэҫЭјҜ\random6_20260420_behavior_aug_v1\top2\top2__443363\actions.behavior_aug.jsonl (primary=29, extra=131, merged=160)
F:\miniconda\envs\pytorch_env\lib\site-packages\requests\__init__.py:86: RequestsDependencyWarning: Unable to find acceptable character detection dependency (chardet or charset_normalizer).
  warnings.warn(
[DONE] transcript: F:\PythonProject\pythonProject\YOLOv11\output\ЦЗ»ЫҝОМГС§ЙъРРОӘКэҫЭјҜ\random6_20260420_behavior_aug_v1\top2\top2__443363\transcript.jsonl
[INFO] segments: 1
[INFO] whisper config: model=small device=cuda compute_type=int8_float16 beam_size=5 vad_filter=0
[INFO] added_dll_paths=2
[DONE] event queries exported: F:\PythonProject\pythonProject\YOLOv11\output\ЦЗ»ЫҝОМГС§ЙъРРОӘКэҫЭјҜ\random6_20260420_behavior_aug_v1\top2\top2__443363\event_queries.jsonl
[INFO] total event queries: 1
[DONE] aligned multimodal events: F:\PythonProject\pythonProject\YOLOv11\output\ЦЗ»ЫҝОМГС§ЙъРРОӘКэҫЭјҜ\random6_20260420_behavior_aug_v1\top2\top2__443363\align_multimodal.json
[INFO] events: 1
[DONE] compat per_person: F:\PythonProject\pythonProject\YOLOv11\output\ЦЗ»ЫҝОМГС§ЙъРРОӘКэҫЭјҜ\random6_20260420_behavior_aug_v1\top2\top2__443363\per_person_sequences.json
[DONE] verified events: F:\PythonProject\pythonProject\YOLOv11\output\ЦЗ»ЫҝОМГС§ЙъРРОӘКэҫЭјҜ\random6_20260420_behavior_aug_v1\top2\top2__443363\verified_events.jsonl
[INFO] rows: 1
[DONE] eval report: F:\PythonProject\pythonProject\YOLOv11\output\ЦЗ»ЫҝОМГС§ЙъРРОӘКэҫЭјҜ\random6_20260420_behavior_aug_v1\top2\top2__443363\verifier_eval_report.json
[INFO] total=1 f1=0.3333 e_prob=0.0000
[DONE] calibration report: F:\PythonProject\pythonProject\YOLOv11\output\ЦЗ»ЫҝОМГС§ЙъРРОӘКэҫЭјҜ\random6_20260420_behavior_aug_v1\top2\top2__443363\verifier_calibration_report.json
[DONE] reliability diagram: F:\PythonProject\pythonProject\YOLOv11\output\ЦЗ»ЫҝОМГС§ЙъРРОӘКэҫЭјҜ\random6_20260420_behavior_aug_v1\top2\top2__443363\verifier_reliability_diagram.svg
[INFO] total=1 ece_before=0.5352 ece_after=0.5117 brier_before=0.2864 brier_after=0.2619 T=3.000
[DONE] verified timeline png: F:\PythonProject\pythonProject\YOLOv11\output\ЦЗ»ЫҝОМГС§ЙъРРОӘКэҫЭјҜ\random6_20260420_behavior_aug_v1\top2\top2__443363\timeline_chart.png
[DONE] verified timeline json: F:\PythonProject\pythonProject\YOLOv11\output\ЦЗ»ЫҝОМГС§ЙъРРОӘКэҫЭјҜ\random6_20260420_behavior_aug_v1\top2\top2__443363\timeline_chart.json
[INFO] YOLO_CONFIG_DIR=F:\PythonProject\pythonProject\YOLOv11\.ultralytics
[DO] step002 pose keypoints

================================================================================
[RUN] 02_export_keypoints_jsonl.py --video F:\PythonProject\pythonProject\YOLOv11\data\ЦЗ»ЫҝОМГС§ЙъРРОӘКэҫЭјҜ\РұЙП·ҪКУҪЗ2\443363.mp4 --out F:\PythonProject\pythonProject\YOLOv11\output\ЦЗ»ЫҝОМГС§ЙъРРОӘКэҫЭјҜ\random6_20260420_behavior_aug_v1\top2\top2__443363\pose_keypoints_v2.jsonl --model F:\PythonProject\pythonProject\YOLOv11\yolo11x-pose.pt --interpolate_occluded 0 --occlusion_conf_thres 0.2
================================================================================
[DO] step004 track and smooth

================================================================================
[RUN] 03_track_and_smooth.py --in F:\PythonProject\pythonProject\YOLOv11\output\ЦЗ»ЫҝОМГС§ЙъРРОӘКэҫЭјҜ\random6_20260420_behavior_aug_v1\top2\top2__443363\pose_keypoints_v2.jsonl --video F:\PythonProject\pythonProject\YOLOv11\data\ЦЗ»ЫҝОМГС§ЙъРРОӘКэҫЭјҜ\РұЙП·ҪКУҪЗ2\443363.mp4 --out F:\PythonProject\pythonProject\YOLOv11\output\ЦЗ»ЫҝОМГС§ЙъРРОӘКэҫЭјҜ\random6_20260420_behavior_aug_v1\top2\top2__443363\pose_tracks_smooth.jsonl --track_min_frames 75 --track_min_frames_ratio 0.6 --track_min_frames_min 10
================================================================================
[DO] step035 estimate uncertainty

================================================================================
[RUN] 03c_estimate_track_uncertainty.py --in F:\PythonProject\pythonProject\YOLOv11\output\ЦЗ»ЫҝОМГС§ЙъРРОӘКэҫЭјҜ\random6_20260420_behavior_aug_v1\top2\top2__443363\pose_tracks_smooth.jsonl --out F:\PythonProject\pythonProject\YOLOv11\output\ЦЗ»ЫҝОМГС§ЙъРРОӘКэҫЭјҜ\random6_20260420_behavior_aug_v1\top2\top2__443363\pose_tracks_smooth_uq.jsonl --validate 1
================================================================================
[DO] step045 object detection evidence

================================================================================
[RUN] 02b_export_objects_jsonl.py --video F:\PythonProject\pythonProject\YOLOv11\data\ЦЗ»ЫҝОМГС§ЙъРРОӘКэҫЭјҜ\РұЙП·ҪКУҪЗ2\443363.mp4 --out F:\PythonProject\pythonProject\YOLOv11\output\ЦЗ»ЫҝОМГС§ЙъРРОӘКэҫЭјҜ\random6_20260420_behavior_aug_v1\top2\top2__443363\objects.jsonl --model F:\PythonProject\pythonProject\YOLOv11\yolo11x.pt --conf 0.1 --iou 0.5 --imgsz 1280 --stride 1 --classes 67,73,63
================================================================================
[DO] step005 action recognition

================================================================================
[RUN] 05_slowfast_actions.py --video F:\PythonProject\pythonProject\YOLOv11\data\ЦЗ»ЫҝОМГС§ЙъРРОӘКэҫЭјҜ\РұЙП·ҪКУҪЗ2\443363.mp4 --pose F:\PythonProject\pythonProject\YOLOv11\output\ЦЗ»ЫҝОМГС§ЙъРРОӘКэҫЭјҜ\random6_20260420_behavior_aug_v1\top2\top2__443363\pose_tracks_smooth.jsonl --out F:\PythonProject\pythonProject\YOLOv11\output\ЦЗ»ЫҝОМГС§ЙъРРОӘКэҫЭјҜ\random6_20260420_behavior_aug_v1\top2\top2__443363\actions.raw.jsonl --model_mode rules
================================================================================
[DO] step055 fuse actions with object evidence

================================================================================
[RUN] 05b_fuse_actions_with_objects.py --actions F:\PythonProject\pythonProject\YOLOv11\output\ЦЗ»ЫҝОМГС§ЙъРРОӘКэҫЭјҜ\random6_20260420_behavior_aug_v1\top2\top2__443363\actions.raw.jsonl --objects F:\PythonProject\pythonProject\YOLOv11\output\ЦЗ»ЫҝОМГС§ЙъРРОӘКэҫЭјҜ\random6_20260420_behavior_aug_v1\top2\top2__443363\objects.jsonl --out F:\PythonProject\pythonProject\YOLOv11\output\ЦЗ»ЫҝОМГС§ЙъРРОӘКэҫЭјҜ\random6_20260420_behavior_aug_v1\top2\top2__443363\actions.jsonl --window 0.8 --alpha 0.75 --beta 0.25
================================================================================
[DO] step046 behavior detection evidence

================================================================================
[RUN] 02d_export_behavior_det_jsonl.py --video F:\PythonProject\pythonProject\YOLOv11\data\ЦЗ»ЫҝОМГС§ЙъРРОӘКэҫЭјҜ\РұЙП·ҪКУҪЗ2\443363.mp4 --out F:\PythonProject\pythonProject\YOLOv11\output\ЦЗ»ЫҝОМГС§ЙъРРОӘКэҫЭјҜ\random6_20260420_behavior_aug_v1\top2\top2__443363\behavior_det.jsonl --model F:\PythonProject\pythonProject\YOLOv11\runs\detect\case_yolo_train\weights\best.pt --conf 0.25 --iou 0.5 --imgsz 832 --stride 1 --device cuda
================================================================================
[DO] step047 convert behavior det to actions

================================================================================
[RUN] 05c_behavior_det_to_actions.py --in F:\PythonProject\pythonProject\YOLOv11\output\ЦЗ»ЫҝОМГС§ЙъРРОӘКэҫЭјҜ\random6_20260420_behavior_aug_v1\top2\top2__443363\behavior_det.jsonl --out F:\PythonProject\pythonProject\YOLOv11\output\ЦЗ»ЫҝОМГС§ЙъРРОӘКэҫЭјҜ\random6_20260420_behavior_aug_v1\top2\top2__443363\actions.behavior.jsonl --fps 25.0 --iou_thres 0.3 --max_gap_frames 3
================================================================================
[DO] step058 merge rule actions with behavior actions

================================================================================
[RUN] 05d_merge_action_sources.py --primary F:\PythonProject\pythonProject\YOLOv11\output\ЦЗ»ЫҝОМГС§ЙъРРОӘКэҫЭјҜ\random6_20260420_behavior_aug_v1\top2\top2__443363\actions.jsonl --extra F:\PythonProject\pythonProject\YOLOv11\output\ЦЗ»ЫҝОМГС§ЙъРРОӘКэҫЭјҜ\random6_20260420_behavior_aug_v1\top2\top2__443363\actions.behavior.jsonl --out F:\PythonProject\pythonProject\YOLOv11\output\ЦЗ»ЫҝОМГС§ЙъРРОӘКэҫЭјҜ\random6_20260420_behavior_aug_v1\top2\top2__443363\actions.behavior_aug.jsonl --extra_track_offset 100000
================================================================================
[DO] step006 asr transcript

================================================================================
[RUN] 06_asr_whisper_to_jsonl.py --video F:\PythonProject\pythonProject\YOLOv11\data\ЦЗ»ЫҝОМГС§ЙъРРОӘКэҫЭјҜ\РұЙП·ҪКУҪЗ2\443363.mp4 --out_dir F:\PythonProject\pythonProject\YOLOv11\output\ЦЗ»ЫҝОМГС§ЙъРРОӘКэҫЭјҜ\random6_20260420_behavior_aug_v1\top2\top2__443363 --lang zh --model small --device cuda --compute_type int8_float16 --beam_size 5 --vad_filter 0 --condition_on_previous_text 0
================================================================================
[DO] step065 extract event queries

================================================================================
[RUN] 06b_event_query_extraction.py --transcript F:\PythonProject\pythonProject\YOLOv11\output\ЦЗ»ЫҝОМГС§ЙъРРОӘКэҫЭјҜ\random6_20260420_behavior_aug_v1\top2\top2__443363\transcript.jsonl --out F:\PythonProject\pythonProject\YOLOv11\output\ЦЗ»ЫҝОМГС§ЙъРРОӘКэҫЭјҜ\random6_20260420_behavior_aug_v1\top2\top2__443363\event_queries.jsonl --validate 1
================================================================================
[DO] step066 adaptive multimodal align

================================================================================
[RUN] xx_align_multimodal.py --event_queries F:\PythonProject\pythonProject\YOLOv11\output\ЦЗ»ЫҝОМГС§ЙъРРОӘКэҫЭјҜ\random6_20260420_behavior_aug_v1\top2\top2__443363\event_queries.jsonl --actions F:\PythonProject\pythonProject\YOLOv11\output\ЦЗ»ЫҝОМГС§ЙъРРОӘКэҫЭјҜ\random6_20260420_behavior_aug_v1\top2\top2__443363\actions.behavior_aug.jsonl --pose_uq F:\PythonProject\pythonProject\YOLOv11\output\ЦЗ»ЫҝОМГС§ЙъРРОӘКэҫЭјҜ\random6_20260420_behavior_aug_v1\top2\top2__443363\pose_tracks_smooth_uq.jsonl --out F:\PythonProject\pythonProject\YOLOv11\output\ЦЗ»ЫҝОМГС§ЙъРРОӘКэҫЭјҜ\random6_20260420_behavior_aug_v1\top2\top2__443363\align_multimodal.json
================================================================================
[DO] step070 dual verification

================================================================================
[RUN] 07_dual_verification.py --actions F:\PythonProject\pythonProject\YOLOv11\output\ЦЗ»ЫҝОМГС§ЙъРРОӘКэҫЭјҜ\random6_20260420_behavior_aug_v1\top2\top2__443363\actions.behavior_aug.jsonl --event_queries F:\PythonProject\pythonProject\YOLOv11\output\ЦЗ»ЫҝОМГС§ЙъРРОӘКэҫЭјҜ\random6_20260420_behavior_aug_v1\top2\top2__443363\event_queries.jsonl --pose_uq F:\PythonProject\pythonProject\YOLOv11\output\ЦЗ»ЫҝОМГС§ЙъРРОӘКэҫЭјҜ\random6_20260420_behavior_aug_v1\top2\top2__443363\pose_tracks_smooth_uq.jsonl --aligned F:\PythonProject\pythonProject\YOLOv11\output\ЦЗ»ЫҝОМГС§ЙъРРОӘКэҫЭјҜ\random6_20260420_behavior_aug_v1\top2\top2__443363\align_multimodal.json --out F:\PythonProject\pythonProject\YOLOv11\output\ЦЗ»ЫҝОМГС§ЙъРРОӘКэҫЭјҜ\random6_20260420_behavior_aug_v1\top2\top2__443363\verified_events.jsonl --verifier_model  --per_person_out F:\PythonProject\pythonProject\YOLOv11\output\ЦЗ»ЫҝОМГС§ЙъРРОӘКэҫЭјҜ\random6_20260420_behavior_aug_v1\top2\top2__443363\per_person_sequences.json --validate 1
================================================================================
[DO] step071 verifier evaluation report

================================================================================
[RUN] eval.py --verified F:\PythonProject\pythonProject\YOLOv11\output\ЦЗ»ЫҝОМГС§ЙъРРОӘКэҫЭјҜ\random6_20260420_behavior_aug_v1\top2\top2__443363\verified_events.jsonl --out F:\PythonProject\pythonProject\YOLOv11\output\ЦЗ»ЫҝОМГС§ЙъРРОӘКэҫЭјҜ\random6_20260420_behavior_aug_v1\top2\top2__443363\verifier_eval_report.json --split val --target_field auto
================================================================================
[DO] step072 verifier calibration report

================================================================================
[RUN] calibration.py --verified F:\PythonProject\pythonProject\YOLOv11\output\ЦЗ»ЫҝОМГС§ЙъРРОӘКэҫЭјҜ\random6_20260420_behavior_aug_v1\top2\top2__443363\verified_events.jsonl --out F:\PythonProject\pythonProject\YOLOv11\output\ЦЗ»ЫҝОМГС§ЙъРРОӘКэҫЭјҜ\random6_20260420_behavior_aug_v1\top2\top2__443363\verifier_calibration_report.json --split val --target_field auto --prob_field p_match --num_bins 10 --disable_temperature_scaling 0 --diagram_out F:\PythonProject\pythonProject\YOLOv11\output\ЦЗ»ЫҝОМГС§ЙъРРОӘКэҫЭјҜ\random6_20260420_behavior_aug_v1\top2\top2__443363\verifier_reliability_diagram.svg
================================================================================
[DO] step010 timeline visualization

================================================================================
[RUN] 10_visualize_timeline.py --src F:\PythonProject\pythonProject\YOLOv11\output\ЦЗ»ЫҝОМГС§ЙъРРОӘКэҫЭјҜ\random6_20260420_behavior_aug_v1\top2\top2__443363\per_person_sequences.json --verified_src F:\PythonProject\pythonProject\YOLOv11\output\ЦЗ»ЫҝОМГС§ЙъРРОӘКэҫЭјҜ\random6_20260420_behavior_aug_v1\top2\top2__443363\verified_events.jsonl --out F:\PythonProject\pythonProject\YOLOv11\output\ЦЗ»ЫҝОМГС§ЙъРРОӘКэҫЭјҜ\random6_20260420_behavior_aug_v1\top2\top2__443363\timeline_chart.png --gap_tol 1.5 --min_dur 0.1 --fps 25.0
================================================================================

[DONE] formal pipeline completed
Output dir             : F:\PythonProject\pythonProject\YOLOv11\output\ЦЗ»ЫҝОМГС§ЙъРРОӘКэҫЭјҜ\random6_20260420_behavior_aug_v1\top2\top2__443363
Pose tracks UQ         : F:\PythonProject\pythonProject\YOLOv11\output\ЦЗ»ЫҝОМГС§ЙъРРОӘКэҫЭјҜ\random6_20260420_behavior_aug_v1\top2\top2__443363\pose_tracks_smooth_uq.jsonl
Object evidence        : F:\PythonProject\pythonProject\YOLOv11\output\ЦЗ»ЫҝОМГС§ЙъРРОӘКэҫЭјҜ\random6_20260420_behavior_aug_v1\top2\top2__443363\objects.jsonl
Behavior detections    : F:\PythonProject\pythonProject\YOLOv11\output\ЦЗ»ЫҝОМГС§ЙъРРОӘКэҫЭјҜ\random6_20260420_behavior_aug_v1\top2\top2__443363\behavior_det.jsonl
Behavior actions       : F:\PythonProject\pythonProject\YOLOv11\output\ЦЗ»ЫҝОМГС§ЙъРРОӘКэҫЭјҜ\random6_20260420_behavior_aug_v1\top2\top2__443363\actions.behavior.jsonl
Behavior action mode   : append
Actions for align      : F:\PythonProject\pythonProject\YOLOv11\output\ЦЗ»ЫҝОМГС§ЙъРРОӘКэҫЭјҜ\random6_20260420_behavior_aug_v1\top2\top2__443363\actions.behavior_aug.jsonl
Event queries          : F:\PythonProject\pythonProject\YOLOv11\output\ЦЗ»ЫҝОМГС§ЙъРРОӘКэҫЭјҜ\random6_20260420_behavior_aug_v1\top2\top2__443363\event_queries.jsonl
Verified events        : F:\PythonProject\pythonProject\YOLOv11\output\ЦЗ»ЫҝОМГС§ЙъРРОӘКэҫЭјҜ\random6_20260420_behavior_aug_v1\top2\top2__443363\verified_events.jsonl
Verifier eval report   : F:\PythonProject\pythonProject\YOLOv11\output\ЦЗ»ЫҝОМГС§ЙъРРОӘКэҫЭјҜ\random6_20260420_behavior_aug_v1\top2\top2__443363\verifier_eval_report.json
Verifier calibration   : F:\PythonProject\pythonProject\YOLOv11\output\ЦЗ»ЫҝОМГС§ЙъРРОӘКэҫЭјҜ\random6_20260420_behavior_aug_v1\top2\top2__443363\verifier_calibration_report.json
Reliability diagram    : F:\PythonProject\pythonProject\YOLOv11\output\ЦЗ»ЫҝОМГС§ЙъРРОӘКэҫЭјҜ\random6_20260420_behavior_aug_v1\top2\top2__443363\verifier_reliability_diagram.svg
Verifier model         : not_used
Timeline chart         : F:\PythonProject\pythonProject\YOLOv11\output\ЦЗ»ЫҝОМГС§ЙъРРОӘКэҫЭјҜ\random6_20260420_behavior_aug_v1\top2\top2__443363\timeline_chart.png
